<?xml version="1.0" encoding="UTF-8"?>
<testsuite xmlns:xsi="http://www.w3.org/2001/XMLSchema-instance" xsi:noNamespaceSchemaLocation="https://maven.apache.org/surefire/maven-surefire-plugin/xsd/surefire-test-report-3.0.xsd" version="3.0" name="TestSuite" time="1.874" tests="13" errors="0" skipped="0" failures="0">
  <properties>
    <property name="java.specification.version" value="24"/>
    <property name="sun.cpu.isalist" value="amd64"/>
    <property name="sun.jnu.encoding" value="Cp1252"/>
    <property name="java.class.path" value="C:\Users\ikari\Projects\TestNGProject\target\test-classes;C:\Users\ikari\Projects\TestNGProject\target\classes;C:\Users\ikari\.m2\repository\junit\junit\3.8.1\junit-3.8.1.jar;C:\Users\ikari\.m2\repository\org\testng\testng\7.9.0\testng-7.9.0.jar;C:\Users\ikari\.m2\repository\org\slf4j\slf4j-api\1.7.36\slf4j-api-1.7.36.jar;C:\Users\ikari\.m2\repository\com\beust\jcommander\1.82\jcommander-1.82.jar;C:\Users\ikari\.m2\repository\org\webjars\jquery\3.7.1\jquery-3.7.1.jar;C:\Users\ikari\.m2\repository\com\google\guava\guava\33.4.0-jre\guava-33.4.0-jre.jar;C:\Users\ikari\.m2\repository\com\google\guava\failureaccess\1.0.2\failureaccess-1.0.2.jar;C:\Users\ikari\.m2\repository\com\google\guava\listenablefuture\9999.0-empty-to-avoid-conflict-with-guava\listenablefuture-9999.0-empty-to-avoid-conflict-with-guava.jar;C:\Users\ikari\.m2\repository\com\google\code\findbugs\jsr305\3.0.2\jsr305-3.0.2.jar;C:\Users\ikari\.m2\repository\org\checkerframework\checker-qual\3.43.0\checker-qual-3.43.0.jar;C:\Users\ikari\.m2\repository\com\google\errorprone\error_prone_annotations\2.36.0\error_prone_annotations-2.36.0.jar;C:\Users\ikari\.m2\repository\com\google\j2objc\j2objc-annotations\3.0.0\j2objc-annotations-3.0.0.jar;C:\Users\ikari\.m2\repository\io\qameta\allure\allure-testng\2.25.0\allure-testng-2.25.0.jar;C:\Users\ikari\.m2\repository\io\qameta\allure\allure-java-commons\2.25.0\allure-java-commons-2.25.0.jar;C:\Users\ikari\.m2\repository\io\qameta\allure\allure-model\2.25.0\allure-model-2.25.0.jar;C:\Users\ikari\.m2\repository\io\qameta\allure\allure-test-filter\2.25.0\allure-test-filter-2.25.0.jar;"/>
    <property name="java.vm.vendor" value="Oracle Corporation"/>
    <property name="sun.arch.data.model" value="64"/>
    <property name="user.variant" value=""/>
    <property name="java.vendor.url" value="https://java.oracle.com/"/>
    <property name="user.timezone" value="America/Chicago"/>
    <property name="os.name" value="Windows 11"/>
    <property name="java.vm.specification.version" value="24"/>
    <property name="sun.java.launcher" value="SUN_STANDARD"/>
    <property name="user.country" value="US"/>
    <property name="sun.boot.library.path" value="C:\Program Files\Java\jdk-24\bin"/>
    <property name="sun.java.command" value="C:\Users\ikari\AppData\Local\Temp\surefire15727567361165689053\surefirebooter-20250320110525732_3.jar C:\Users\ikari\AppData\Local\Temp\surefire15727567361165689053 2025-03-20T11-05-24_971-jvmRun1 surefire-20250320110525732_1tmp surefire_0-20250320110525732_2tmp"/>
    <property name="jdk.debug" value="release"/>
    <property name="surefire.test.class.path" value="C:\Users\ikari\Projects\TestNGProject\target\test-classes;C:\Users\ikari\Projects\TestNGProject\target\classes;C:\Users\ikari\.m2\repository\junit\junit\3.8.1\junit-3.8.1.jar;C:\Users\ikari\.m2\repository\org\testng\testng\7.9.0\testng-7.9.0.jar;C:\Users\ikari\.m2\repository\org\slf4j\slf4j-api\1.7.36\slf4j-api-1.7.36.jar;C:\Users\ikari\.m2\repository\com\beust\jcommander\1.82\jcommander-1.82.jar;C:\Users\ikari\.m2\repository\org\webjars\jquery\3.7.1\jquery-3.7.1.jar;C:\Users\ikari\.m2\repository\com\google\guava\guava\33.4.0-jre\guava-33.4.0-jre.jar;C:\Users\ikari\.m2\repository\com\google\guava\failureaccess\1.0.2\failureaccess-1.0.2.jar;C:\Users\ikari\.m2\repository\com\google\guava\listenablefuture\9999.0-empty-to-avoid-conflict-with-guava\listenablefuture-9999.0-empty-to-avoid-conflict-with-guava.jar;C:\Users\ikari\.m2\repository\com\google\code\findbugs\jsr305\3.0.2\jsr305-3.0.2.jar;C:\Users\ikari\.m2\repository\org\checkerframework\checker-qual\3.43.0\checker-qual-3.43.0.jar;C:\Users\ikari\.m2\repository\com\google\errorprone\error_prone_annotations\2.36.0\error_prone_annotations-2.36.0.jar;C:\Users\ikari\.m2\repository\com\google\j2objc\j2objc-annotations\3.0.0\j2objc-annotations-3.0.0.jar;C:\Users\ikari\.m2\repository\io\qameta\allure\allure-testng\2.25.0\allure-testng-2.25.0.jar;C:\Users\ikari\.m2\repository\io\qameta\allure\allure-java-commons\2.25.0\allure-java-commons-2.25.0.jar;C:\Users\ikari\.m2\repository\io\qameta\allure\allure-model\2.25.0\allure-model-2.25.0.jar;C:\Users\ikari\.m2\repository\io\qameta\allure\allure-test-filter\2.25.0\allure-test-filter-2.25.0.jar;"/>
    <property name="allure.results.directory" value="C:\Users\ikari\Projects\TestNGProject\target/allure-results"/>
    <property name="sun.cpu.endian" value="little"/>
    <property name="user.home" value="C:\Users\ikari"/>
    <property name="user.language" value="en"/>
    <property name="java.specification.vendor" value="Oracle Corporation"/>
    <property name="java.version.date" value="2025-03-18"/>
    <property name="java.home" value="C:\Program Files\Java\jdk-24"/>
    <property name="file.separator" value="\"/>
    <property name="basedir" value="C:\Users\ikari\Projects\TestNGProject"/>
    <property name="java.vm.compressedOopsMode" value="Zero based"/>
    <property name="line.separator" value="&#10;"/>
    <property name="java.vm.specification.vendor" value="Oracle Corporation"/>
    <property name="java.specification.name" value="Java Platform API Specification"/>
    <property name="surefire.real.class.path" value="C:\Users\ikari\AppData\Local\Temp\surefire15727567361165689053\surefirebooter-20250320110525732_3.jar"/>
    <property name="user.script" value=""/>
    <property name="sun.management.compiler" value="HotSpot 64-Bit Tiered Compilers"/>
    <property name="java.runtime.version" value="24+36-3646"/>
    <property name="user.name" value="ikari"/>
    <property name="stdout.encoding" value="Cp1252"/>
    <property name="path.separator" value=";"/>
    <property name="os.version" value="10.0"/>
    <property name="java.runtime.name" value="Java(TM) SE Runtime Environment"/>
    <property name="file.encoding" value="UTF-8"/>
    <property name="java.vm.name" value="Java HotSpot(TM) 64-Bit Server VM"/>
    <property name="localRepository" value="C:\Users\ikari\.m2\repository"/>
    <property name="java.vendor.url.bug" value="https://bugreport.java.com/bugreport/"/>
    <property name="java.io.tmpdir" value="C:\Users\ikari\AppData\Local\Temp\"/>
    <property name="java.version" value="24"/>
    <property name="user.dir" value="C:\Users\ikari\Projects\TestNGProject"/>
    <property name="os.arch" value="amd64"/>
    <property name="java.vm.specification.name" value="Java Virtual Machine Specification"/>
    <property name="sun.os.patch.level" value=""/>
    <property name="native.encoding" value="Cp1252"/>
    <property name="java.library.path" value="C:\Program Files\Java\jdk-24\bin;C:\WINDOWS\Sun\Java\bin;C:\WINDOWS\system32;C:\WINDOWS;C:\Program Files\Common Files\Oracle\Java\javapath;C:\Python39\Scripts\;C:\Python39\;C:\Windows\System32;C:\Windows;C:\Windows\System32\wbem;C:\Windows\System32\WindowsPowerShell\v1.0\;C:\Windows\System32\OpenSSH\;C:\Program Files\Godot;C:\Users\ikari\AppData\Local\atom\bin;C:\Program Files (x86)\GnuPG\bin;C:\ProgramData\chocolatey\bin;C:\Program Files\dotnet\;C:\Program Files\WireGuard\;C:\Windows\System32;C:\Windows;C:\Windows\System32\wbem;C:\Windows\System32\WindowsPowerShell\v1.0\;C:\Windows\System32\OpenSSH\;C:\Program Files\Git\cmd;C:\Program Files\PuTTY\;C:\Program Files\nodejs\;C:\Program Files\Apache\Maven\bin;C:\Users\ikari\AppData\Local\Programs\Python\Python312\Scripts\;C:\Users\ikari\AppData\Local\Programs\Python\Python312\;C:\Users\ikari\.local\bin;C:\Users\ikari\AppData\Local\Microsoft\WindowsApps;C:\Program Files\JetBrains\IntelliJ IDEA Community Edition 2023.1\bin;;C:\Program Files\Java\jdk-1.8\bin;C:\Users\ikari\AppData\Local\Microsoft\WindowsApps;C:\Users\ikari\AppData\Local\Programs\Microsoft VS Code\bin;C:\Users\ikari\AppData\Local\Programs\Ollama;C:\Users\ikari\AppData\Roaming\npm;c:\Users\ikari\AppData\Roaming\Code\User\globalStorage\github.copilot-chat\debugCommand;."/>
    <property name="java.vm.info" value="mixed mode, sharing"/>
    <property name="stderr.encoding" value="Cp1252"/>
    <property name="java.vendor" value="Oracle Corporation"/>
    <property name="java.vm.version" value="24+36-3646"/>
    <property name="sun.io.unicode.encoding" value="UnicodeLittle"/>
    <property name="java.class.version" value="68.0"/>
  </properties>
  <testcase name="testBaseCase1" classname="jvtest.SolutionsTest" time="0.278">
    <system-err><![CDATA[SLF4J: Failed to load class "org.slf4j.impl.StaticLoggerBinder".
SLF4J: Defaulting to no-operation (NOP) logger implementation
SLF4J: See http://www.slf4j.org/codes.html#StaticLoggerBinder for further details.
]]></system-err>
  </testcase>
  <testcase name="testBaseCase2" classname="jvtest.SolutionsTest" time="0.009"/>
  <testcase name="testBoundaryCase1" classname="jvtest.SolutionsTest" time="0.004"/>
  <testcase name="testBoundaryCase2" classname="jvtest.SolutionsTest" time="0.005"/>
  <testcase name="testBoundaryCase3" classname="jvtest.SolutionsTest" time="0.006"/>
  <testcase name="testEdgeCase1" classname="jvtest.SolutionsTest" time="0.004"/>
  <testcase name="testEdgeCase2" classname="jvtest.SolutionsTest" time="0.004"/>
  <testcase name="testEdgeCase3" classname="jvtest.SolutionsTest" time="0.007"/>
  <testcase name="testEdgeCase4" classname="jvtest.SolutionsTest" time="0.005"/>
  <testcase name="testFaultCase1" classname="jvtest.SolutionsTest" time="0.006">
    <system-out><![CDATA[Flowerbed array cannot be empty
]]></system-out>
  </testcase>
  <testcase name="testFaultCase2" classname="jvtest.SolutionsTest" time="0.003"/>
  <testcase name="testLoadTest1" classname="jvtest.SolutionsTest" time="0.008"/>
  <testcase name="testLoadTest2" classname="jvtest.SolutionsTest" time="0.005"/>
</testsuite>