<?xml version="1.0" encoding="UTF-8"?>
<!-- Generated by org.testng.reporters.JUnitReportReporter -->
<testsuite hostname="NERV-DEV" failures="0" tests="13" name="jvtest.SolutionsTest" time="0.208" errors="0" timestamp="2025-03-20T11:05:28 CDT" skipped="0">
  <testcase classname="jvtest.SolutionsTest" name="testBaseCase1" time="0.170"/>
  <testcase classname="jvtest.SolutionsTest" name="testEdgeCase1" time="0.003"/>
  <testcase classname="jvtest.SolutionsTest" name="testLoadTest1" time="0.006"/>
  <testcase classname="jvtest.SolutionsTest" name="testBaseCase2" time="0.004"/>
  <testcase classname="jvtest.SolutionsTest" name="testEdgeCase4" time="0.003"/>
  <testcase classname="jvtest.SolutionsTest" name="testEdgeCase3" time="0.004"/>
  <testcase classname="jvtest.SolutionsTest" name="testFaultCase1" time="0.002"/>
  <testcase classname="jvtest.SolutionsTest" name="testFaultCase2" time="0.002"/>
  <testcase classname="jvtest.SolutionsTest" name="testLoadTest2" time="0.003"/>
  <testcase classname="jvtest.SolutionsTest" name="testBoundaryCase2" time="0.002"/>
  <testcase classname="jvtest.SolutionsTest" name="testEdgeCase2" time="0.002"/>
  <testcase classname="jvtest.SolutionsTest" name="testBoundaryCase3" time="0.004"/>
  <testcase classname="jvtest.SolutionsTest" name="testBoundaryCase1" time="0.003"/>
</testsuite> <!-- jvtest.SolutionsTest -->
